<?xml version="1.0" encoding="UTF-8"?>
<testng-results ignored="0" total="1" passed="1" failed="0" skipped="0">
  <reporter-output>
  </reporter-output>
  <suite started-at="2023-05-16T15:10:11 EET" name="Default suite" finished-at="2023-05-16T15:10:16 EET" duration-ms="5307">
    <groups>
    </groups>
    <test started-at="2023-05-16T15:10:11 EET" name="Default test" finished-at="2023-05-16T15:10:16 EET" duration-ms="5307">
      <class name="TestCase">
        <test-method is-config="true" signature="before_test()[pri:0, instance:TestCase@194bcebf]" started-at="2023-05-16T15:10:11 EET" name="before_test" finished-at="2023-05-16T15:10:14 EET" duration-ms="2884" status="PASS">
          <reporter-output>
          </reporter-output>
        </test-method> <!-- before_test -->
        <test-method signature="scroll()[pri:0, instance:TestCase@194bcebf]" started-at="2023-05-16T15:10:14 EET" name="scroll" finished-at="2023-05-16T15:10:16 EET" duration-ms="2403" status="PASS">
          <reporter-output>
          </reporter-output>
        </test-method> <!-- scroll -->
      </class> <!-- TestCase -->
    </test> <!-- Default test -->
  </suite> <!-- Default suite -->
</testng-results>
